  Using 'git status' to determine working set for adaptive non-unity build (C:\Users\desha\Documents\Drone-nav).
  Invalidating makefile for HospitalEditor (Definitions.AirSim.h deleted)
UnrealBuildTool : warning : Library 'Shell32.lib' was not resolvable to a file when used in Module 'AirSim', assuming it is a filename and will search library paths for it. This is slow and dependency checking will not work for it. Please update reference to be fully qualified alternatively use PublicSystemLibraryPaths if you do intended to use this slow path to suppress this warning.
UnrealBuildTool : warning : Library 'dinput8.lib' was not resolvable to a file when used in Module 'AirSim', assuming it is a filename and will search library paths for it. This is slow and dependency checking will not work for it. Please update reference to be fully qualified alternatively use PublicSystemLibraryPaths if you do intended to use this slow path to suppress this warning.
UnrealBuildTool : warning : Library 'dxguid.lib' was not resolvable to a file when used in Module 'AirSim', assuming it is a filename and will search library paths for it. This is slow and dependency checking will not work for it. Please update reference to be fully qualified alternatively use PublicSystemLibraryPaths if you do intended to use this slow path to suppress this warning.
  Parsing headers for HospitalEditor
    Running UnrealHeaderTool "C:\Users\desha\Documents\Drone-nav\src\Hospital.uproject" "C:\Users\desha\Documents\Drone-nav\src\Intermediate\Build\Win64\HospitalEditor\DebugGame\HospitalEditor.uhtmanifest" -LogCmds="loginit warning, logexit warning, logdatabase error" -Unattended -WarningsAsErrors -abslog="C:\Users\desha\AppData\Local\UnrealBuildTool\Log_UHT.txt" -installed
  Reflection code generated for HospitalEditor in 18.5545003 seconds
  Building HospitalEditor...
  Using Visual Studio 2019 14.26.28806 toolchain (C:\Program Files (x86)\Microsoft Visual Studio\2019\Community\VC\Tools\MSVC\14.26.28801) and Windows 10.0.18362.0 SDK (C:\Program Files (x86)\Windows Kits\10).
  Building 13 actions with 12 processes...
    [1/13] Default.rc2
    [2/13] SharedPCH.Engine.NonOptimized.ShadowErrors.cpp
    [3/13] Hospital.cpp
    [4/13] Hospital.init.gen.cpp
    [5/13] HospitalGameModeBase.cpp
    [6/13] HospitalGameModeBase.gen.cpp
    [7/13] UE4Editor-Hospital-Win64-DebugGame.lib
       Creating library C:\Users\desha\Documents\Drone-nav\src\Intermediate\Build\Win64\UE4Editor\DebugGame\Hospital\UE4Editor-Hospital-Win64-DebugGame.lib and object C:\Users\desha\Documents\Drone-nav\src\Intermediate\Build\Win64\UE4Editor\DebugGame\Hospital\UE4Editor-Hospital-Win64-DebugGame.exp
    [8/13] Module.AirSim.gen.cpp
    [9/13] Module.AirSim.cpp
C:/Users/desha/Documents/Drone-nav/src/Plugins/AirSim/Source/SimMode/SimModeBase.cpp(164): warning C4996: UObjectProperty has been renamed to FObjectProperty Please update your code to the new API before upgrading to the next release, otherwise your project will no longer compile.
C:/Users/desha/Documents/Drone-nav/src/Plugins/AirSim/Source/SimMode/SimModeBase.cpp(164): warning C4996: UObjectProperty has been renamed to FObjectProperty Please update your code to the new API before upgrading to the next release, otherwise your project will no longer compile.
    [10/13] UE4Editor-AirSim-Win64-DebugGame.lib
       Creating library C:\Users\desha\Documents\Drone-nav\src\Plugins\AirSim\Intermediate\Build\Win64\UE4Editor\DebugGame\AirSim\UE4Editor-AirSim-Win64-DebugGame.lib and object C:\Users\desha\Documents\Drone-nav\src\Plugins\AirSim\Intermediate\Build\Win64\UE4Editor\DebugGame\AirSim\UE4Editor-AirSim-Win64-DebugGame.exp
    [11/13] UE4Editor-Hospital-Win64-DebugGame.dll
       Creating library C:\Users\desha\Documents\Drone-nav\src\Intermediate\Build\Win64\UE4Editor\DebugGame\Hospital\UE4Editor-Hospital-Win64-DebugGame.suppressed.lib and object C:\Users\desha\Documents\Drone-nav\src\Intermediate\Build\Win64\UE4Editor\DebugGame\Hospital\UE4Editor-Hospital-Win64-DebugGame.suppressed.exp
    [12/13] UE4Editor-AirSim-Win64-DebugGame.dll
       Creating library C:\Users\desha\Documents\Drone-nav\src\Plugins\AirSim\Intermediate\Build\Win64\UE4Editor\DebugGame\AirSim\UE4Editor-AirSim-Win64-DebugGame.suppressed.lib and object C:\Users\desha\Documents\Drone-nav\src\Plugins\AirSim\Intermediate\Build\Win64\UE4Editor\DebugGame\AirSim\UE4Editor-AirSim-Win64-DebugGame.suppressed.exp
    [13/13] HospitalEditor-Win64-DebugGame.target
  Total time in Parallel executor: 48.88 seconds
  Total execution time: 69.54 seconds
